Determining if the pthread_create exist failed with the following output:
Change Dir: /home/yueqiyu/Robot/build/CMakeFiles/CMakeTmp

Run Build Command:/usr/bin/make "cmTryCompileExec231034771/fast"
/usr/bin/make -f CMakeFiles/cmTryCompileExec231034771.dir/build.make CMakeFiles/cmTryCompileExec231034771.dir/build
make[1]: Entering directory `/home/yueqiyu/Robot/build/CMakeFiles/CMakeTmp'
/usr/bin/cmake -E cmake_progress_report /home/yueqiyu/Robot/build/CMakeFiles/CMakeTmp/CMakeFiles 1
Building C object CMakeFiles/cmTryCompileExec231034771.dir/CheckSymbolExists.c.o
/usr/bin/cc    -o CMakeFiles/cmTryCompileExec231034771.dir/CheckSymbolExists.c.o   -c /home/yueqiyu/Robot/build/CMakeFiles/CMakeTmp/CheckSymbolExists.c
Linking C executable cmTryCompileExec231034771
/usr/bin/cmake -E cmake_link_script CMakeFiles/cmTryCompileExec231034771.dir/link.txt --verbose=1
/usr/bin/cc       CMakeFiles/cmTryCompileExec231034771.dir/CheckSymbolExists.c.o  -o cmTryCompileExec231034771 -rdynamic 
CMakeFiles/cmTryCompileExec231034771.dir/CheckSymbolExists.c.o: In function `main':
CheckSymbolExists.c:(.text+0x16): undefined reference to `pthread_create'
collect2: error: ld returned 1 exit status
make[1]: Leaving directory `/home/yueqiyu/Robot/build/CMakeFiles/CMakeTmp'
make[1]: *** [cmTryCompileExec231034771] Error 1
make: *** [cmTryCompileExec231034771/fast] Error 2

File /home/yueqiyu/Robot/build/CMakeFiles/CMakeTmp/CheckSymbolExists.c:
/* */
#include <pthread.h>

int main(int argc, char** argv)
{
  (void)argv;
#ifndef pthread_create
  return ((int*)(&pthread_create))[argc];
#else
  (void)argc;
  return 0;
#endif
}

Determining if the function pthread_create exists in the pthreads failed with the following output:
Change Dir: /home/yueqiyu/Robot/build/CMakeFiles/CMakeTmp

Run Build Command:/usr/bin/make "cmTryCompileExec1826771436/fast"
/usr/bin/make -f CMakeFiles/cmTryCompileExec1826771436.dir/build.make CMakeFiles/cmTryCompileExec1826771436.dir/build
make[1]: Entering directory `/home/yueqiyu/Robot/build/CMakeFiles/CMakeTmp'
/usr/bin/cmake -E cmake_progress_report /home/yueqiyu/Robot/build/CMakeFiles/CMakeTmp/CMakeFiles 1
Building C object CMakeFiles/cmTryCompileExec1826771436.dir/CheckFunctionExists.c.o
/usr/bin/cc   -DCHECK_FUNCTION_EXISTS=pthread_create   -o CMakeFiles/cmTryCompileExec1826771436.dir/CheckFunctionExists.c.o   -c /usr/share/cmake-2.8/Modules/CheckFunctionExists.c
Linking C executable cmTryCompileExec1826771436
/usr/bin/cmake -E cmake_link_script CMakeFiles/cmTryCompileExec1826771436.dir/link.txt --verbose=1
/usr/bin/cc   -DCHECK_FUNCTION_EXISTS=pthread_create    CMakeFiles/cmTryCompileExec1826771436.dir/CheckFunctionExists.c.o  -o cmTryCompileExec1826771436 -rdynamic -lpthreads 
/usr/bin/ld: cannot find -lpthreads
collect2: error: ld returned 1 exit status
make[1]: Leaving directory `/home/yueqiyu/Robot/build/CMakeFiles/CMakeTmp'
make[1]: *** [cmTryCompileExec1826771436] Error 1
make: *** [cmTryCompileExec1826771436/fast] Error 2


